This is pdfTeX, Version 3.1415926-2.4-1.40.13 (TeX Live 2012/Debian) (format=pdflatex 2014.6.5)  13 MAR 2015 23:27
entering extended mode
 restricted \write18 enabled.
 %&-line parsing enabled.
**paper.tex
(./paper.tex
LaTeX2e <2011/06/27>
Babel <v3.8m> and hyphenation patterns for english, dumylang, nohyphenation, lo
aded.
(/usr/share/texlive/texmf-dist/tex/latex/base/article.cls
Document Class: article 2007/10/19 v1.4h Standard LaTeX document class
(/usr/share/texlive/texmf-dist/tex/latex/base/size11.clo
File: size11.clo 2007/10/19 v1.4h Standard LaTeX file (size option)
)
\c@part=\count79
\c@section=\count80
\c@subsection=\count81
\c@subsubsection=\count82
\c@paragraph=\count83
\c@subparagraph=\count84
\c@figure=\count85
\c@table=\count86
\abovecaptionskip=\skip41
\belowcaptionskip=\skip42
\bibindent=\dimen102
)
(/usr/share/texlive/texmf-dist/tex/latex/amsmath/amsmath.sty
Package: amsmath 2000/07/18 v2.13 AMS math features
\@mathmargin=\skip43

For additional information on amsmath, use the `?' option.
(/usr/share/texlive/texmf-dist/tex/latex/amsmath/amstext.sty
Package: amstext 2000/06/29 v2.01

(/usr/share/texlive/texmf-dist/tex/latex/amsmath/amsgen.sty
File: amsgen.sty 1999/11/30 v2.0
\@emptytoks=\toks14
\ex@=\dimen103
))
(/usr/share/texlive/texmf-dist/tex/latex/amsmath/amsbsy.sty
Package: amsbsy 1999/11/29 v1.2d
\pmbraise@=\dimen104
)
(/usr/share/texlive/texmf-dist/tex/latex/amsmath/amsopn.sty
Package: amsopn 1999/12/14 v2.01 operator names
)
\inf@bad=\count87
LaTeX Info: Redefining \frac on input line 211.
\uproot@=\count88
\leftroot@=\count89
LaTeX Info: Redefining \overline on input line 307.
\classnum@=\count90
\DOTSCASE@=\count91
LaTeX Info: Redefining \ldots on input line 379.
LaTeX Info: Redefining \dots on input line 382.
LaTeX Info: Redefining \cdots on input line 467.
\Mathstrutbox@=\box26
\strutbox@=\box27
\big@size=\dimen105
LaTeX Font Info:    Redeclaring font encoding OML on input line 567.
LaTeX Font Info:    Redeclaring font encoding OMS on input line 568.
\macc@depth=\count92
\c@MaxMatrixCols=\count93
\dotsspace@=\muskip10
\c@parentequation=\count94
\dspbrk@lvl=\count95
\tag@help=\toks15
\row@=\count96
\column@=\count97
\maxfields@=\count98
\andhelp@=\toks16
\eqnshift@=\dimen106
\alignsep@=\dimen107
\tagshift@=\dimen108
\tagwidth@=\dimen109
\totwidth@=\dimen110
\lineht@=\dimen111
\@envbody=\toks17
\multlinegap=\skip44
\multlinetaggap=\skip45
\mathdisplay@stack=\toks18
LaTeX Info: Redefining \[ on input line 2666.
LaTeX Info: Redefining \] on input line 2667.
)
(/usr/share/texlive/texmf-dist/tex/latex/amsfonts/amssymb.sty
Package: amssymb 2009/06/22 v3.00

(/usr/share/texlive/texmf-dist/tex/latex/amsfonts/amsfonts.sty
Package: amsfonts 2009/06/22 v3.00 Basic AMSFonts support
\symAMSa=\mathgroup4
\symAMSb=\mathgroup5
LaTeX Font Info:    Overwriting math alphabet `\mathfrak' in version `bold'
(Font)                  U/euf/m/n --> U/euf/b/n on input line 96.
))
(/usr/share/texlive/texmf-dist/tex/latex/abstract/abstract.sty
Package: abstract 2009/06/08 v1.2a configurable abstracts
\abstitleskip=\skip46
\absleftindent=\skip47
\absrightindent=\skip48
\absparindent=\skip49
\absparsep=\skip50
)
(/usr/share/texlive/texmf-dist/tex/latex/caption/subcaption.sty
Package: subcaption 2012/01/12 v1.1d Sub-captions (AR)

(/usr/share/texlive/texmf-dist/tex/latex/caption/caption.sty
Package: caption 2012/02/19 v3.2f Customizing captions (AR)

(/usr/share/texlive/texmf-dist/tex/latex/caption/caption3.sty
Package: caption3 2012/01/12 v1.4b caption3 kernel (AR)

(/usr/share/texlive/texmf-dist/tex/latex/graphics/keyval.sty
Package: keyval 1999/03/16 v1.13 key=value parser (DPC)
\KV@toks@=\toks19
)
\captionmargin=\dimen112
\captionmargin@=\dimen113
\captionwidth=\dimen114
\caption@indent=\dimen115
\caption@parindent=\dimen116
\caption@hangindent=\dimen117
)
\c@ContinuedFloat=\count99
)
\c@subfigure=\count100
\c@subtable=\count101
)
(/usr/share/texlive/texmf-dist/tex/latex/tools/multicol.sty
Package: multicol 2011/06/27 v1.7a multicolumn formatting (FMi)
\c@tracingmulticols=\count102
\mult@box=\box28
\multicol@leftmargin=\dimen118
\c@unbalance=\count103
\c@collectmore=\count104
\doublecol@number=\count105
\multicoltolerance=\count106
\multicolpretolerance=\count107
\full@width=\dimen119
\page@free=\dimen120
\premulticols=\dimen121
\postmulticols=\dimen122
\multicolsep=\skip51
\multicolbaselineskip=\skip52
\partial@page=\box29
\last@line=\box30
\mult@rightbox=\box31
\mult@grightbox=\box32
\mult@gfirstbox=\box33
\mult@firstbox=\box34
\@tempa=\box35
\@tempa=\box36
\@tempa=\box37
\@tempa=\box38
\@tempa=\box39
\@tempa=\box40
\@tempa=\box41
\@tempa=\box42
\@tempa=\box43
\@tempa=\box44
\@tempa=\box45
\@tempa=\box46
\@tempa=\box47
\@tempa=\box48
\@tempa=\box49
\@tempa=\box50
\@tempa=\box51
\c@columnbadness=\count108
\c@finalcolumnbadness=\count109
\last@try=\dimen123
\multicolovershoot=\dimen124
\multicolundershoot=\dimen125
\mult@nat@firstbox=\box52
\colbreak@box=\box53
\multicol@sort@counter=\count110
)
(/usr/share/texlive/texmf-dist/tex/latex/anysize/anysize.sty
Package: anysize 1994/08/13 setting margin sizes

document style option `anysize' loaded
Michael Salzenberg, Thomas Esser, Dirk Hillbrecht
Version 1.0, Aug 13, 1994
\@Leftmargin=\dimen126
\@Rightmargin=\dimen127
\@Topmargin=\dimen128
\@Bottommargin=\dimen129
) (/usr/share/texlive/texmf-dist/tex/latex/graphics/graphicx.sty
Package: graphicx 1999/02/16 v1.0f Enhanced LaTeX Graphics (DPC,SPQR)

(/usr/share/texlive/texmf-dist/tex/latex/graphics/graphics.sty
Package: graphics 2009/02/05 v1.0o Standard LaTeX Graphics (DPC,SPQR)

(/usr/share/texlive/texmf-dist/tex/latex/graphics/trig.sty
Package: trig 1999/03/16 v1.09 sin cos tan (DPC)
)
(/usr/share/texlive/texmf-dist/tex/latex/latexconfig/graphics.cfg
File: graphics.cfg 2010/04/23 v1.9 graphics configuration of TeX Live
)
Package graphics Info: Driver file: pdftex.def on input line 91.

(/usr/share/texlive/texmf-dist/tex/latex/pdftex-def/pdftex.def
File: pdftex.def 2011/05/27 v0.06d Graphics/color for pdfTeX

(/usr/share/texlive/texmf-dist/tex/generic/oberdiek/infwarerr.sty
Package: infwarerr 2010/04/08 v1.3 Providing info/warning/error messages (HO)
)
(/usr/share/texlive/texmf-dist/tex/generic/oberdiek/ltxcmds.sty
Package: ltxcmds 2011/11/09 v1.22 LaTeX kernel commands for general use (HO)
)
\Gread@gobject=\count111
))
\Gin@req@height=\dimen130
\Gin@req@width=\dimen131
)
(/usr/share/texlive/texmf-dist/tex/latex/url/url.sty
\Urlmuskip=\muskip11
Package: url 2006/04/12  ver 3.3  Verb mode for urls, etc.
)
(/usr/share/texlive/texmf-dist/tex/latex/float/float.sty
Package: float 2001/11/08 v1.3d Float enhancements (AL)
\c@float@type=\count112
\float@exts=\toks20
\float@box=\box54
\@float@everytoks=\toks21
\@floatcapt=\box55
) (./paper.aux)
\openout1 = `paper.aux'.

LaTeX Font Info:    Checking defaults for OML/cmm/m/it on input line 23.
LaTeX Font Info:    ... okay on input line 23.
LaTeX Font Info:    Checking defaults for T1/cmr/m/n on input line 23.
LaTeX Font Info:    ... okay on input line 23.
LaTeX Font Info:    Checking defaults for OT1/cmr/m/n on input line 23.
LaTeX Font Info:    ... okay on input line 23.
LaTeX Font Info:    Checking defaults for OMS/cmsy/m/n on input line 23.
LaTeX Font Info:    ... okay on input line 23.
LaTeX Font Info:    Checking defaults for OMX/cmex/m/n on input line 23.
LaTeX Font Info:    ... okay on input line 23.
LaTeX Font Info:    Checking defaults for U/cmr/m/n on input line 23.
LaTeX Font Info:    ... okay on input line 23.
Package caption Info: Begin \AtBeginDocument code.
Package caption Info: float package is loaded.
Package caption Info: End \AtBeginDocument code.

(/usr/share/texlive/texmf-dist/tex/context/base/supp-pdf.mkii
[Loading MPS to PDF converter (version 2006.09.02).]
\scratchcounter=\count113
\scratchdimen=\dimen132
\scratchbox=\box56
\nofMPsegments=\count114
\nofMParguments=\count115
\everyMPshowfont=\toks22
\MPscratchCnt=\count116
\MPscratchDim=\dimen133
\MPnumerator=\count117
\makeMPintoPDFobject=\count118
\everyMPtoPDFconversion=\toks23
) (/usr/share/texlive/texmf-dist/tex/generic/oberdiek/pdftexcmds.sty
Package: pdftexcmds 2011/11/29 v0.20 Utility functions of pdfTeX for LuaTeX (HO
)

(/usr/share/texlive/texmf-dist/tex/generic/oberdiek/ifluatex.sty
Package: ifluatex 2010/03/01 v1.3 Provides the ifluatex switch (HO)
Package ifluatex Info: LuaTeX not detected.
)
(/usr/share/texlive/texmf-dist/tex/generic/oberdiek/ifpdf.sty
Package: ifpdf 2011/01/30 v2.3 Provides the ifpdf switch (HO)
Package ifpdf Info: pdfTeX in PDF mode is detected.
)
Package pdftexcmds Info: LuaTeX not detected.
Package pdftexcmds Info: \pdf@primitive is available.
Package pdftexcmds Info: \pdf@ifprimitive is available.
Package pdftexcmds Info: \pdfdraftmode found.
)
(/usr/share/texlive/texmf-dist/tex/latex/oberdiek/epstopdf-base.sty
Package: epstopdf-base 2010/02/09 v2.5 Base part for package epstopdf

(/usr/share/texlive/texmf-dist/tex/latex/oberdiek/grfext.sty
Package: grfext 2010/08/19 v1.1 Manage graphics extensions (HO)

(/usr/share/texlive/texmf-dist/tex/generic/oberdiek/kvdefinekeys.sty
Package: kvdefinekeys 2011/04/07 v1.3 Define keys (HO)
))
(/usr/share/texlive/texmf-dist/tex/latex/oberdiek/kvoptions.sty
Package: kvoptions 2011/06/30 v3.11 Key value format for package options (HO)

(/usr/share/texlive/texmf-dist/tex/generic/oberdiek/kvsetkeys.sty
Package: kvsetkeys 2012/04/25 v1.16 Key value parser (HO)

(/usr/share/texlive/texmf-dist/tex/generic/oberdiek/etexcmds.sty
Package: etexcmds 2011/02/16 v1.5 Avoid name clashes with e-TeX commands (HO)
Package etexcmds Info: Could not find \expanded.
(etexcmds)             That can mean that you are not using pdfTeX 1.50 or
(etexcmds)             that some package has redefined \expanded.
(etexcmds)             In the latter case, load this package earlier.
)))
Package grfext Info: Graphics extension search list:
(grfext)             [.png,.pdf,.jpg,.mps,.jpeg,.jbig2,.jb2,.PNG,.PDF,.JPG,.JPE
G,.JBIG2,.JB2,.eps]
(grfext)             \AppendGraphicsExtensions on input line 452.

(/usr/share/texlive/texmf-dist/tex/latex/latexconfig/epstopdf-sys.cfg
File: epstopdf-sys.cfg 2010/07/13 v1.3 Configuration of (r)epstopdf for TeX Liv
e
))
LaTeX Font Info:    Try loading font information for U+msa on input line 24.

(/usr/share/texlive/texmf-dist/tex/latex/amsfonts/umsa.fd
File: umsa.fd 2009/06/22 v3.00 AMS symbols A
)
LaTeX Font Info:    Try loading font information for U+msb on input line 24.

(/usr/share/texlive/texmf-dist/tex/latex/amsfonts/umsb.fd
File: umsb.fd 2009/06/22 v3.00 AMS symbols B
)
<pics/testrun.png, id=1, 970.62625pt x 481.8pt>
File: pics/testrun.png Graphic file (type png)
 <use pics/testrun.png>
Package pdftex.def Info: pics/testrun.png used on input line 43.
(pdftex.def)             Requested size: 970.62389pt x 481.79881pt.

Underfull \hbox (badness 10000) in paragraph at lines 49--50
[]\OT1/cmr/m/n/10.95 The FTFP[]BERT 2.0 physics list was
 []

[1

{/var/lib/texmf/fonts/map/pdftex/updmap/pdftex.map} <./pics/testrun.png>]
<pics/fig_pEDep_eV.png, id=17, 642.4pt x 481.8pt>
File: pics/fig_pEDep_eV.png Graphic file (type png)
 <use pics/fig_pEDep_eV.png>
Package pdftex.def Info: pics/fig_pEDep_eV.png used on input line 73.
(pdftex.def)             Requested size: 642.39844pt x 481.79881pt.

<pics/fig_pEDep_keV.png, id=18, 642.4pt x 481.8pt>
File: pics/fig_pEDep_keV.png Graphic file (type png)

<use pics/fig_pEDep_keV.png>
Package pdftex.def Info: pics/fig_pEDep_keV.png used on input line 80.
(pdftex.def)             Requested size: 642.39844pt x 481.79881pt.

<pics/fig_pEDep_MeV.png, id=19, 642.4pt x 481.8pt>
File: pics/fig_pEDep_MeV.png Graphic file (type png)

<use pics/fig_pEDep_MeV.png>
Package pdftex.def Info: pics/fig_pEDep_MeV.png used on input line 87.
(pdftex.def)             Requested size: 642.39844pt x 481.79881pt.
 <pics/fig_nEDep_eV.png, id=20, 642.4pt x 481.8pt>
File: pics/fig_nEDep_eV.png Graphic file (type png)

<use pics/fig_nEDep_eV.png>
Package pdftex.def Info: pics/fig_nEDep_eV.png used on input line 97.
(pdftex.def)             Requested size: 642.39844pt x 481.79881pt.
 [2 <./pics/fig_pEDep_eV.png> <./pics/fig_pEDep_keV.png> <./pics/fig_pEDep_MeV.
png>]
<pics/fig_nEDep_keV.png, id=28, 642.4pt x 481.8pt>
File: pics/fig_nEDep_keV.png Graphic file (type png)

<use pics/fig_nEDep_keV.png>
Package pdftex.def Info: pics/fig_nEDep_keV.png used on input line 104.
(pdftex.def)             Requested size: 642.39844pt x 481.79881pt.

<pics/fig_nEDep_MeV.png, id=29, 642.4pt x 481.8pt>
File: pics/fig_nEDep_MeV.png Graphic file (type png)

<use pics/fig_nEDep_MeV.png>
Package pdftex.def Info: pics/fig_nEDep_MeV.png used on input line 111.
(pdftex.def)             Requested size: 642.39844pt x 481.79881pt.

<pics/fig_pChargeDep_eV.png, id=30, 642.4pt x 481.8pt>
File: pics/fig_pChargeDep_eV.png Graphic file (type png)

<use pics/fig_pChargeDep_eV.png>
Package pdftex.def Info: pics/fig_pChargeDep_eV.png used on input line 135.
(pdftex.def)             Requested size: 642.39844pt x 481.79881pt.
 [3 <./pics/fig_nEDep_eV.png> <./pics/fig_nEDep_keV.png> <./pics/fig_nEDep_MeV.
png>]
<pics/fig_pChargeDep_keV.png, id=37, 642.4pt x 481.8pt>
File: pics/fig_pChargeDep_keV.png Graphic file (type png)

<use pics/fig_pChargeDep_keV.png>
Package pdftex.def Info: pics/fig_pChargeDep_keV.png used on input line 142.
(pdftex.def)             Requested size: 642.39844pt x 481.79881pt.

<pics/fig_pChargeDep_MeV.png, id=38, 642.4pt x 481.8pt>
File: pics/fig_pChargeDep_MeV.png Graphic file (type png)

<use pics/fig_pChargeDep_MeV.png>
Package pdftex.def Info: pics/fig_pChargeDep_MeV.png used on input line 149.
(pdftex.def)             Requested size: 642.39844pt x 481.79881pt.

<pics/fig_nChargeDep_eV.png, id=39, 642.4pt x 481.8pt>
File: pics/fig_nChargeDep_eV.png Graphic file (type png)

<use pics/fig_nChargeDep_eV.png>
Package pdftex.def Info: pics/fig_nChargeDep_eV.png used on input line 159.
(pdftex.def)             Requested size: 642.39844pt x 481.79881pt.

<pics/fig_nChargeDep_keV.png, id=40, 642.4pt x 481.8pt>
File: pics/fig_nChargeDep_keV.png Graphic file (type png)

<use pics/fig_nChargeDep_keV.png>
Package pdftex.def Info: pics/fig_nChargeDep_keV.png used on input line 166.
(pdftex.def)             Requested size: 642.39844pt x 481.79881pt.

<pics/fig_nChargeDep_MeV.png, id=41, 642.4pt x 481.8pt>
File: pics/fig_nChargeDep_MeV.png Graphic file (type png)

<use pics/fig_nChargeDep_MeV.png>
Package pdftex.def Info: pics/fig_nChargeDep_MeV.png used on input line 173.
(pdftex.def)             Requested size: 642.39844pt x 481.79881pt.

Underfull \hbox (badness 10000) in paragraph at lines 184--186
\OT1/cmtt/m/n/10.95 http : / / geant4 . web . cern . ch / geant4 /
 []

[4 <./pics/fig_pChargeDep_eV.png> <./pics/fig_pChargeDep_keV.png> <./pics/fig_p
ChargeDep_MeV.png> <./pics/fig_nChargeDep_eV.png> <./pics/fig_nChargeDep_keV.pn
g> <./pics/fig_nChargeDep_MeV.png>]
Underfull \hbox (badness 10000) in paragraph at lines 188--191
\OT1/cmtt/m/n/10.95 http : / / www . geant4 . org / geant4 / support /
 []


Underfull \hbox (badness 10000) in paragraph at lines 188--191
\OT1/cmtt/m/n/10.95 proc _ mod _ catalog / physics _ lists /
 []

[5] [6] [7] (./paper.aux) ) 
Here is how much of TeX's memory you used:
 3811 strings out of 495059
 56248 string characters out of 3182031
 108344 words of memory out of 3000000
 6921 multiletter control sequences out of 15000+200000
 14612 words of font info for 56 fonts, out of 3000000 for 9000
 14 hyphenation exceptions out of 8191
 42i,7n,40p,890b,348s stack positions out of 5000i,500n,10000p,200000b,50000s
</usr/share/texlive/texmf-dist/fonts/type1/public/am
sfonts/cm/cmbx10.pfb></usr/share/texlive/texmf-dist/fonts/type1/public/amsfonts
/cm/cmbx12.pfb></usr/share/texlive/texmf-dist/fonts/type1/public/amsfonts/cm/cm
ex10.pfb></usr/share/texlive/texmf-dist/fonts/type1/public/amsfonts/cm/cmmi10.p
fb></usr/share/texlive/texmf-dist/fonts/type1/public/amsfonts/cm/cmmi8.pfb></us
r/share/texlive/texmf-dist/fonts/type1/public/amsfonts/cm/cmr10.pfb></usr/share
/texlive/texmf-dist/fonts/type1/public/amsfonts/cm/cmr12.pfb></usr/share/texliv
e/texmf-dist/fonts/type1/public/amsfonts/cm/cmr17.pfb></usr/share/texlive/texmf
-dist/fonts/type1/public/amsfonts/cm/cmr7.pfb></usr/share/texlive/texmf-dist/fo
nts/type1/public/amsfonts/cm/cmsy10.pfb></usr/share/texlive/texmf-dist/fonts/ty
pe1/public/amsfonts/cm/cmti10.pfb></usr/share/texlive/texmf-dist/fonts/type1/pu
blic/amsfonts/cm/cmtt10.pfb>
Output written on paper.pdf (7 pages, 235944 bytes).
PDF statistics:
 101 PDF objects out of 1000 (max. 8388607)
 54 compressed objects within 1 object stream
 0 named destinations out of 1000 (max. 500000)
 66 words of extra memory for PDF output out of 10000 (max. 10000000)

